2023-02-15 13:43:36,410 DEBUG: Tree gebildet: [(0, 4), (0, 7), (7, 2), (7, 3), (1, 3), (3, 2), (3, 6)]
2023-02-15 13:43:36,410 DEBUG: Source is in graph: 0
2023-02-15 13:43:36,410 INFO: Depth first search computed: [(0, 0, 'forward'), (0, 4, 'forward'), (4, 0, 'nontree'), (0, 4, 'reverse'), (0, 7, 'forward'), (7, 0, 'nontree'), (7, 2, 'forward'), (2, 7, 'nontree'), (2, 3, 'forward'), (3, 1, 'forward'), (1, 3, 'nontree'), (3, 1, 'reverse'), (3, 2, 'nontree'), (3, 7, 'nontree'), (3, 6, 'forward'), (6, 3, 'nontree'), (3, 6, 'reverse'), (2, 3, 'reverse'), (7, 2, 'reverse'), (7, 3, 'nontree'), (0, 7, 'reverse'), (0, 0, 'reverse')]
2023-02-15 13:43:36,411 DEBUG: Nontree edges removed: [(0, 0, 'forward'), (0, 4, 'forward'), (0, 4, 'reverse'), (0, 7, 'forward'), (7, 2, 'forward'), (2, 3, 'forward'), (3, 1, 'forward'), (3, 1, 'reverse'), (3, 6, 'forward'), (3, 6, 'reverse'), (2, 3, 'reverse'), (7, 2, 'reverse'), (0, 7, 'reverse'), (0, 0, 'reverse')]
2023-02-15 13:43:36,411 INFO: Das Element (0,0,forward) wird bearbeitet
2023-02-15 13:43:36,411 DEBUG: Node "0" has been visisted
2023-02-15 13:43:36,411 DEBUG: List of nodes visited: {0}
2023-02-15 13:43:36,411 DEBUG: Node "0" is forward or in branches_to_keep
2023-02-15 13:43:36,411 WARNING: List of branches_to_keep: set()
2023-02-15 13:43:36,411 DEBUG: Element (0,0,forward) wird mit Element (0,4,forward) verglichen
2023-02-15 13:43:36,411 DEBUG: "0" is in destination_incident or degree > 1
2023-02-15 13:43:36,411 DEBUG: The list of branches to keep is updated: {0}
2023-02-15 13:43:36,411 INFO: Das Element (0,4,forward) wird bearbeitet
2023-02-15 13:43:36,411 DEBUG: Node "4" has been visisted
2023-02-15 13:43:36,411 DEBUG: List of nodes visited: {0, 4}
2023-02-15 13:43:36,411 DEBUG: Node "4" is forward or in branches_to_keep
2023-02-15 13:43:36,411 WARNING: List of branches_to_keep: {0}
2023-02-15 13:43:36,411 DEBUG: Element (0,4,forward) wird mit Element (0,4,reverse) verglichen
2023-02-15 13:43:36,411 DEBUG: The current element and the next is "forward" and "reverse" respectively": (forward, reverse)
2023-02-15 13:43:36,411 INFO: Das Element (0,4,reverse) wird bearbeitet
2023-02-15 13:43:36,411 DEBUG: Node "4" has been removed from visited list
2023-02-15 13:43:36,411 DEBUG: List of nodes visited: {0}
2023-02-15 13:43:36,411 WARNING: List of branches_to_keep: {0}
2023-02-15 13:43:36,411 DEBUG: Edge (0, 4) has attribut "0"
2023-02-15 13:43:36,411 DEBUG: Element (0,4,reverse) wird mit Element (0,7,forward) verglichen
2023-02-15 13:43:36,411 INFO: Das Element (0,7,forward) wird bearbeitet
2023-02-15 13:43:36,411 DEBUG: Node "7" has been visisted
2023-02-15 13:43:36,411 DEBUG: List of nodes visited: {0, 7}
2023-02-15 13:43:36,411 DEBUG: Node "7" is forward or in branches_to_keep
2023-02-15 13:43:36,411 WARNING: List of branches_to_keep: {0}
2023-02-15 13:43:36,411 DEBUG: Element (0,7,forward) wird mit Element (7,2,forward) verglichen
2023-02-15 13:43:36,411 DEBUG: "7" is in destination_incident or degree > 1
2023-02-15 13:43:36,411 DEBUG: The list of branches to keep is updated: {0, 7}
2023-02-15 13:43:36,411 INFO: Das Element (7,2,forward) wird bearbeitet
2023-02-15 13:43:36,411 DEBUG: Node "2" has been visisted
2023-02-15 13:43:36,411 DEBUG: List of nodes visited: {0, 2, 7}
2023-02-15 13:43:36,411 DEBUG: Node "2" is forward or in branches_to_keep
2023-02-15 13:43:36,411 WARNING: List of branches_to_keep: {0, 7}
2023-02-15 13:43:36,411 DEBUG: Element (7,2,forward) wird mit Element (2,3,forward) verglichen
2023-02-15 13:43:36,412 DEBUG: "2" is in destination_incident or degree > 1
2023-02-15 13:43:36,412 DEBUG: The list of branches to keep is updated: {0, 2, 7}
2023-02-15 13:43:36,412 INFO: Das Element (2,3,forward) wird bearbeitet
2023-02-15 13:43:36,412 DEBUG: Node "3" has been visisted
2023-02-15 13:43:36,412 DEBUG: List of nodes visited: {0, 2, 3, 7}
2023-02-15 13:43:36,412 DEBUG: Node "3" is forward or in branches_to_keep
2023-02-15 13:43:36,412 WARNING: List of branches_to_keep: {0, 2, 7}
2023-02-15 13:43:36,412 DEBUG: Element (2,3,forward) wird mit Element (3,1,forward) verglichen
2023-02-15 13:43:36,412 DEBUG: "3" is in destination_incident or degree > 1
2023-02-15 13:43:36,412 DEBUG: The list of branches to keep is updated: {0, 2, 3, 7}
2023-02-15 13:43:36,412 INFO: Das Element (3,1,forward) wird bearbeitet
2023-02-15 13:43:36,412 DEBUG: Node "1" has been visisted
2023-02-15 13:43:36,412 DEBUG: List of nodes visited: {0, 1, 2, 3, 7}
2023-02-15 13:43:36,412 DEBUG: Node "1" is forward or in branches_to_keep
2023-02-15 13:43:36,412 WARNING: List of branches_to_keep: {0, 2, 3, 7}
2023-02-15 13:43:36,412 DEBUG: Element (3,1,forward) wird mit Element (3,1,reverse) verglichen
2023-02-15 13:43:36,412 DEBUG: The current element and the next is "forward" and "reverse" respectively": (forward, reverse)
2023-02-15 13:43:36,412 INFO: Das Element (3,1,reverse) wird bearbeitet
2023-02-15 13:43:36,412 DEBUG: Node "1" has been removed from visited list
2023-02-15 13:43:36,412 DEBUG: List of nodes visited: {0, 2, 3, 7}
2023-02-15 13:43:36,412 WARNING: List of branches_to_keep: {0, 2, 3, 7}
2023-02-15 13:43:36,412 DEBUG: Edge (3, 1) has attribut "0"
2023-02-15 13:43:36,412 DEBUG: Element (3,1,reverse) wird mit Element (3,6,forward) verglichen
2023-02-15 13:43:36,412 INFO: Das Element (3,6,forward) wird bearbeitet
2023-02-15 13:43:36,412 DEBUG: Node "6" has been visisted
2023-02-15 13:43:36,412 DEBUG: List of nodes visited: {0, 2, 3, 6, 7}
2023-02-15 13:43:36,412 DEBUG: Node "6" is forward or in branches_to_keep
2023-02-15 13:43:36,412 WARNING: List of branches_to_keep: {0, 2, 3, 7}
2023-02-15 13:43:36,412 DEBUG: Element (3,6,forward) wird mit Element (3,6,reverse) verglichen
2023-02-15 13:43:36,412 DEBUG: The current element and the next is "forward" and "reverse" respectively": (forward, reverse)
2023-02-15 13:43:36,412 INFO: Das Element (3,6,reverse) wird bearbeitet
2023-02-15 13:43:36,412 DEBUG: Node "6" has been removed from visited list
2023-02-15 13:43:36,412 DEBUG: List of nodes visited: {0, 2, 3, 7}
2023-02-15 13:43:36,412 WARNING: List of branches_to_keep: {0, 2, 3, 7}
2023-02-15 13:43:36,412 DEBUG: Edge (3, 6) has attribut "0"
2023-02-15 13:43:36,412 DEBUG: Element (3,6,reverse) wird mit Element (2,3,reverse) verglichen
2023-02-15 13:43:36,412 INFO: Das Element (2,3,reverse) wird bearbeitet
2023-02-15 13:43:36,412 DEBUG: Node "3" has been removed from visited list
2023-02-15 13:43:36,413 DEBUG: List of nodes visited: {0, 2, 7}
2023-02-15 13:43:36,413 DEBUG: Node "3" is forward or in branches_to_keep
2023-02-15 13:43:36,413 WARNING: List of branches_to_keep: {0, 2, 3, 7}
2023-02-15 13:43:36,413 DEBUG: Element (2,3,reverse) wird mit Element (7,2,reverse) verglichen
2023-02-15 13:43:36,413 DEBUG: "3" is in destination_incident or degree > 1
2023-02-15 13:43:36,413 DEBUG: The list of branches to keep is updated: {0, 2, 3, 7}
2023-02-15 13:43:36,413 INFO: Das Element (7,2,reverse) wird bearbeitet
2023-02-15 13:43:36,413 DEBUG: Node "2" has been removed from visited list
2023-02-15 13:43:36,413 DEBUG: List of nodes visited: {0, 7}
2023-02-15 13:43:36,413 DEBUG: Node "2" is forward or in branches_to_keep
2023-02-15 13:43:36,413 WARNING: List of branches_to_keep: {0, 2, 3, 7}
2023-02-15 13:43:36,413 DEBUG: Element (7,2,reverse) wird mit Element (0,7,reverse) verglichen
2023-02-15 13:43:36,413 DEBUG: "2" is in destination_incident or degree > 1
2023-02-15 13:43:36,413 DEBUG: The list of branches to keep is updated: {0, 2, 3, 7}
2023-02-15 13:43:36,413 INFO: Das Element (0,7,reverse) wird bearbeitet
2023-02-15 13:43:36,413 DEBUG: Node "7" has been removed from visited list
2023-02-15 13:43:36,413 DEBUG: List of nodes visited: {0}
2023-02-15 13:43:36,413 DEBUG: Node "7" is forward or in branches_to_keep
2023-02-15 13:43:36,413 WARNING: List of branches_to_keep: {0, 2, 3, 7}
2023-02-15 13:43:36,413 DEBUG: Element (0,7,reverse) wird mit Element (0,0,reverse) verglichen
2023-02-15 13:43:36,413 DEBUG: "7" is in destination_incident or degree > 1
2023-02-15 13:43:36,413 DEBUG: The list of branches to keep is updated: {0, 2, 3, 7}
2023-02-15 13:43:36,413 INFO: Das Element (0,0,reverse) wird bearbeitet
2023-02-15 13:43:36,413 DEBUG: Node "0" has been removed from visited list
2023-02-15 13:43:36,413 DEBUG: List of nodes visited: set()
2023-02-15 13:43:36,413 DEBUG: Node "0" is forward or in branches_to_keep
2023-02-15 13:43:36,413 WARNING: List of branches_to_keep: {0, 2, 3, 7}
2023-02-15 13:43:36,414 DEBUG: Tree built to check if still exists another nodes and edges to prune: [(0, 7), (7, 2), (7, 3), (2, 3)]
2023-02-15 13:43:36,414 DEBUG: Leaf nodes: []
